Unity Editor version:    2022.3.46f1 (8e9b8558c41a)
Branch:                  2022.3/staging
Build type:              Release
Batch mode:              YES
macOS version:           Version 14.3 (Build 23D56)
Darwin version:          23.3.0
Architecture:            arm64
Running under Rosetta:   NO
Available memory:        8192 MB
Using pre-set license
Pro License: YES

COMMAND LINE ARGUMENTS:
/Applications/Unity/Hub/Editor/2022.3.46f1/Unity/Unity.app/Contents/MacOS/Unity
-adb2
-batchMode
-noUpm
-name
AssetImportWorker0
-projectPath
/Users/georgemariusstanciu/Desktop/Main_Version/MainVersion
-logFile
Logs/AssetImportWorker0.log
-srvPort
52938
Successfully changed project path to: /Users/georgemariusstanciu/Desktop/Main_Version/MainVersion
/Users/georgemariusstanciu/Desktop/Main_Version/MainVersion
[UnityMemory] Configuration Parameters - Can be set up in boot.config
    "memorysetup-bucket-allocator-granularity=16"
    "memorysetup-bucket-allocator-bucket-count=8"
    "memorysetup-bucket-allocator-block-size=33554432"
    "memorysetup-bucket-allocator-block-count=8"
    "memorysetup-main-allocator-block-size=16777216"
    "memorysetup-thread-allocator-block-size=16777216"
    "memorysetup-gfx-main-allocator-block-size=16777216"
    "memorysetup-gfx-thread-allocator-block-size=16777216"
    "memorysetup-cache-allocator-block-size=4194304"
    "memorysetup-typetree-allocator-block-size=2097152"
    "memorysetup-profiler-bucket-allocator-granularity=16"
    "memorysetup-profiler-bucket-allocator-bucket-count=8"
    "memorysetup-profiler-bucket-allocator-block-size=33554432"
    "memorysetup-profiler-bucket-allocator-block-count=8"
    "memorysetup-profiler-allocator-block-size=16777216"
    "memorysetup-profiler-editor-allocator-block-size=1048576"
    "memorysetup-temp-allocator-size-main=16777216"
    "memorysetup-job-temp-allocator-block-size=2097152"
    "memorysetup-job-temp-allocator-block-size-background=1048576"
    "memorysetup-job-temp-allocator-reduction-small-platforms=262144"
    "memorysetup-allocator-temp-initial-block-size-main=262144"
    "memorysetup-allocator-temp-initial-block-size-worker=262144"
    "memorysetup-temp-allocator-size-background-worker=32768"
    "memorysetup-temp-allocator-size-job-worker=262144"
    "memorysetup-temp-allocator-size-preload-manager=33554432"
    "memorysetup-temp-allocator-size-nav-mesh-worker=65536"
    "memorysetup-temp-allocator-size-audio-worker=65536"
    "memorysetup-temp-allocator-size-cloud-worker=32768"
    "memorysetup-temp-allocator-size-gi-baking-worker=262144"
    "memorysetup-temp-allocator-size-gfx=262144"
Player connection [7948934208]  Target information:

Player connection [7948934208]  * "[IP] 192.168.1.2 [Port] 0 [Flags] 2 [Guid] 829166915 [EditorId] 829166915 [Version] 1048832 [Id] OSXEditor(0,Georges-Air.station) [Debug] 1 [PackageName] OSXEditor [ProjectName] Editor" 

Player connection [7948934208] Host joined multi-casting on [225.0.0.222:54997]...
Player connection [7948934208] Host joined alternative multi-casting on [225.0.0.222:34997]...
[PhysX] Initialized MultithreadedTaskDispatcher with 8 workers.
Refreshing native plugins compatible for Editor in 9.79 ms, found 2 plugins.
Preloading 0 native plugins for Editor in 0.00 ms.
Initialize engine version: 2022.3.46f1 (8e9b8558c41a)
[Subsystems] Discovering subsystems at path /Applications/Unity/Hub/Editor/2022.3.46f1/Unity/Unity.app/Contents/Resources/UnitySubsystems
[Subsystems] Discovering subsystems at path /Users/georgemariusstanciu/Desktop/Main_Version/MainVersion/Assets
GfxDevice: creating device client; threaded=0; jobified=0
 preferred device: Apple M1 (high power)
Metal devices available: 1
0: Apple M1 (high power)
Using device Apple M1 (high power)
Initializing Metal device caps: Apple M1
Initialize mono
Mono path[0] = '/Applications/Unity/Hub/Editor/2022.3.46f1/Unity/Unity.app/Contents/Managed'
Mono path[1] = '/Applications/Unity/Hub/Editor/2022.3.46f1/Unity/Unity.app/Contents/MonoBleedingEdge/lib/mono/unityjit-macos'
Mono config path = '/Applications/Unity/Hub/Editor/2022.3.46f1/Unity/Unity.app/Contents/MonoBleedingEdge/etc'
Using monoOptions --debugger-agent=transport=dt_socket,embedding=1,server=y,suspend=n,address=127.0.0.1:56088
Begin MonoManager ReloadAssembly
Registering precompiled unity dll's ...
Register platform support module: /Applications/Unity/Hub/Editor/2022.3.46f1/Unity/Unity.app/Contents/PlaybackEngines/MacStandaloneSupport/UnityEditor.OSXStandalone.Extensions.dll
Registered in 0.005070 seconds.
- Loaded All Assemblies, in  0.643 seconds
Native extension for OSXStandalone target not found
Mono: successfully reloaded assembly
- Finished resetting the current domain, in  0.391 seconds
Domain Reload Profiling: 1035ms
	BeginReloadAssembly (182ms)
		ExecutionOrderSort (0ms)
		DisableScriptedObjects (0ms)
		BackupInstance (0ms)
		ReleaseScriptingObjects (0ms)
		CreateAndSetChildDomain (1ms)
	RebuildCommonClasses (71ms)
	RebuildNativeTypeToScriptingClass (28ms)
	initialDomainReloadingComplete (94ms)
	LoadAllAssembliesAndSetupDomain (268ms)
		LoadAssemblies (182ms)
		RebuildTransferFunctionScriptingTraits (0ms)
		AnalyzeDomain (265ms)
			TypeCache.Refresh (263ms)
				TypeCache.ScanAssembly (235ms)
			ScanForSourceGeneratedMonoScriptInfo (1ms)
			ResolveRequiredComponents (1ms)
	FinalizeReload (392ms)
		ReleaseScriptCaches (0ms)
		RebuildScriptCaches (0ms)
		SetupLoadedEditorAssemblies (313ms)
			LogAssemblyErrors (0ms)
			InitializePlatformSupportModulesInManaged (19ms)
			SetLoadedEditorAssemblies (10ms)
			RefreshPlugins (0ms)
			BeforeProcessingInitializeOnLoad (3ms)
			ProcessInitializeOnLoadAttributes (222ms)
			ProcessInitializeOnLoadMethodAttributes (59ms)
			AfterProcessingInitializeOnLoad (0ms)
			EditorAssembliesLoaded (0ms)
		ExecutionOrderSort2 (0ms)
		AwakeInstancesAfterBackupRestoration (0ms)
========================================================================
Worker process is ready to serve import requests
Caller must complete domain reload
Begin MonoManager ReloadAssembly
- Loaded All Assemblies, in  0.822 seconds
Native extension for OSXStandalone target not found
Package Manager log level set to [2]
[Package Manager] Server::EnsureServerProcessIsRunning -- launch failed, reason: Unity was launched with the -noUpm command-line argument
[Package Manager] UpmClient::Send -- Unable to send message (not connected to UPM process).
[Package Manager] Cannot connect to Unity Package Manager local server
Mono: successfully reloaded assembly
- Finished resetting the current domain, in  0.982 seconds
Domain Reload Profiling: 1804ms
	BeginReloadAssembly (187ms)
		ExecutionOrderSort (0ms)
		DisableScriptedObjects (8ms)
		BackupInstance (0ms)
		ReleaseScriptingObjects (0ms)
		CreateAndSetChildDomain (33ms)
	RebuildCommonClasses (76ms)
	RebuildNativeTypeToScriptingClass (28ms)
	initialDomainReloadingComplete (42ms)
	LoadAllAssembliesAndSetupDomain (490ms)
		LoadAssemblies (416ms)
		RebuildTransferFunctionScriptingTraits (0ms)
		AnalyzeDomain (171ms)
			TypeCache.Refresh (147ms)
				TypeCache.ScanAssembly (119ms)
			ScanForSourceGeneratedMonoScriptInfo (16ms)
			ResolveRequiredComponents (7ms)
	FinalizeReload (982ms)
		ReleaseScriptCaches (0ms)
		RebuildScriptCaches (0ms)
		SetupLoadedEditorAssemblies (717ms)
			LogAssemblyErrors (0ms)
			InitializePlatformSupportModulesInManaged (9ms)
			SetLoadedEditorAssemblies (5ms)
			RefreshPlugins (0ms)
			BeforeProcessingInitializeOnLoad (86ms)
			ProcessInitializeOnLoadAttributes (542ms)
			ProcessInitializeOnLoadMethodAttributes (73ms)
			AfterProcessingInitializeOnLoad (2ms)
			EditorAssembliesLoaded (0ms)
		ExecutionOrderSort2 (0ms)
		AwakeInstancesAfterBackupRestoration (4ms)
Assertion failed on expression: 'res'
Unknown error occurred while loading 'Assets/Templates/Settings/UniversalRP-HighQuality.asset'.
Assertion failed on expression: 'res'
Assertion failed on expression: 'res'
Assertion failed on expression: 'res'
Assertion failed on expression: 'res'
Assertion failed on expression: 'res'
Assertion failed on expression: 'res'
Assertion failed on expression: 'res'
Assertion failed on expression: 'res'
Assertion failed on expression: 'res'
Assertion failed on expression: 'res'
Assertion failed on expression: 'res'
Assertion failed on expression: 'res'
Assertion failed on expression: 'res'
Assertion failed on expression: 'res'
Assertion failed on expression: 'res'
Assertion failed on expression: 'res'
Assertion failed on expression: 'res'
Assertion failed on expression: 'res'
Assertion failed on expression: 'res'
Assertion failed on expression: 'res'
Assertion failed on expression: 'res'
Assertion failed on expression: 'res'
Assertion failed on expression: 'res'
Assertion failed on expression: 'res'
Assertion failed on expression: 'res'
Assertion failed on expression: 'res'
Assertion failed on expression: 'res'
Assertion failed on expression: 'res'
Assertion failed on expression: 'res'
Assertion failed on expression: 'res'
Assertion failed on expression: 'res'
Assertion failed on expression: 'res'
Assertion failed on expression: 'res'
Assertion failed on expression: 'res'
Assertion failed on expression: 'res'
Assertion failed on expression: 'res'
Assertion failed on expression: 'res'
Assertion failed on expression: 'res'
Assertion failed on expression: 'res'
Assertion failed on expression: 'res'
Assertion failed on expression: 'res'
Assertion failed on expression: 'res'
Assertion failed on expression: 'res'
Assertion failed on expression: 'res'
Assertion failed on expression: 'res'
Assertion failed on expression: 'res'
Assertion failed on expression: 'res'
Assertion failed on expression: 'res'
Assertion failed on expression: 'res'
Failed to load '/Users/georgemariusstanciu/Desktop/Main_Version/MainVersion/Assets/Templates/Settings/UniversalRP-HighQuality.asset'. File may be corrupted or was serialized with a newer version of Unity.
Launching external process: /Applications/Unity/Hub/Editor/2022.3.46f1/Unity/Unity.app/Contents/Tools/UnityShaderCompiler
Launched and connected shader compiler UnityShaderCompiler after 0.09 seconds
Assertion failed on expression: 'res'
Assertion failed on expression: 'res'
Assertion failed on expression: 'res'
Assertion failed on expression: 'res'
Assertion failed on expression: 'res'
Assertion failed on expression: 'res'
Assertion failed on expression: 'res'
Assertion failed on expression: 'res'
Assertion failed on expression: 'res'
Assertion failed on expression: 'res'
Assertion failed on expression: 'res'
Assertion failed on expression: 'res'
Assertion failed on expression: 'res'
Assertion failed on expression: 'res'
Assertion failed on expression: 'res'
Assertion failed on expression: 'res'
Assertion failed on expression: 'res'
Assertion failed on expression: 'res'
Assertion failed on expression: 'res'
Assertion failed on expression: 'res'
Assertion failed on expression: 'res'
Assertion failed on expression: 'res'
Assertion failed on expression: 'res'
Assertion failed on expression: 'res'
Assertion failed on expression: 'res'
Assertion failed on expression: 'res'
Assertion failed on expression: 'res'
Assertion failed on expression: 'res'
Assertion failed on expression: 'res'
Assertion failed on expression: 'res'
Assertion failed on expression: 'res'
Assertion failed on expression: 'res'
Assertion failed on expression: 'res'
Assertion failed on expression: 'res'
Assertion failed on expression: 'res'
Assertion failed on expression: 'res'
Assertion failed on expression: 'res'
Assertion failed on expression: 'res'
Assertion failed on expression: 'res'
Assertion failed on expression: 'res'
Assertion failed on expression: 'res'
Assertion failed on expression: 'res'
Assertion failed on expression: 'res'
Assertion failed on expression: 'res'
Assertion failed on expression: 'res'
Assertion failed on expression: 'res'
Assertion failed on expression: 'res'
Assertion failed on expression: 'res'
Assertion failed on expression: 'res'
Assertion failed on expression: 'res'
Assertion failed on expression: 'res'
Assertion failed on expression: 'res'
Assertion failed on expression: 'res'
Assertion failed on expression: 'res'
Assertion failed on expression: 'res'
Assertion failed on expression: 'res'
Assertion failed on expression: 'res'
Assertion failed on expression: 'res'
Assertion failed on expression: 'res'
Assertion failed on expression: 'res'
Assertion failed on expression: 'res'
Assertion failed on expression: 'res'
Assertion failed on expression: 'res'
Assertion failed on expression: 'res'
Assertion failed on expression: 'res'
Assertion failed on expression: 'res'
Assertion failed on expression: 'res'
Assertion failed on expression: 'res'
Assertion failed on expression: 'res'
Assertion failed on expression: 'res'
Assertion failed on expression: 'res'
Assertion failed on expression: 'res'
Assertion failed on expression: 'res'
Assertion failed on expression: 'res'
Assertion failed on expression: 'res'
Assertion failed on expression: 'res'
Assertion failed on expression: 'res'
Assertion failed on expression: 'res'
Assertion failed on expression: 'res'
Assertion failed on expression: 'res'
Assertion failed on expression: 'res'
Assertion failed on expression: 'res'
Assertion failed on expression: 'res'
Assertion failed on expression: 'res'
Assertion failed on expression: 'res'
Assertion failed on expression: 'res'
Assertion failed on expression: 'res'
Assertion failed on expression: 'res'
Assertion failed on expression: 'res'
Assertion failed on expression: 'res'
Assertion failed on expression: 'res'
Assertion failed on expression: 'res'
Assertion failed on expression: 'res'
Assertion failed on expression: 'res'
Assertion failed on expression: 'res'
Assertion failed on expression: 'res'
Assertion failed on expression: 'res'
Assertion failed on expression: 'res'
Assertion failed on expression: 'res'
Assertion failed on expression: 'res'
Assertion failed on expression: 'res'
Assertion failed on expression: 'res'
Assertion failed on expression: 'res'
Assertion failed on expression: 'res'
Assertion failed on expression: 'res'
Assertion failed on expression: 'res'
Assertion failed on expression: 'res'
Assertion failed on expression: 'res'
Assertion failed on expression: 'res'
Assertion failed on expression: 'res'
Assertion failed on expression: 'res'
Assertion failed on expression: 'res'
Assertion failed on expression: 'res'
Assertion failed on expression: 'res'
Assertion failed on expression: 'res'
Assertion failed on expression: 'res'
Assertion failed on expression: 'res'
Assertion failed on expression: 'res'
Assertion failed on expression: 'res'
Assertion failed on expression: 'res'
Assertion failed on expression: 'res'
Assertion failed on expression: 'res'
Assertion failed on expression: 'res'
Assertion failed on expression: 'res'
Assertion failed on expression: 'res'
Assertion failed on expression: 'res'
Assertion failed on expression: 'res'
Assertion failed on expression: 'res'
Assertion failed on expression: 'res'
Assertion failed on expression: 'res'
Assertion failed on expression: 'res'
Assertion failed on expression: 'res'
Assertion failed on expression: 'res'
Assertion failed on expression: 'res'
Assertion failed on expression: 'res'
Assertion failed on expression: 'res'
Assertion failed on expression: 'res'
Assertion failed on expression: 'res'
Assertion failed on expression: 'res'
Assertion failed on expression: 'res'
Assertion failed on expression: 'res'
Assertion failed on expression: 'res'
Assertion failed on expression: 'res'
Assertion failed on expression: 'res'
Assertion failed on expression: 'res'
Assertion failed on expression: 'res'
Assertion failed on expression: 'res'
Assertion failed on expression: 'res'
Assertion failed on expression: 'res'
Assertion failed on expression: 'res'
Assertion failed on expression: 'res'
Assertion failed on expression: 'res'
Assertion failed on expression: 'res'
Assertion failed on expression: 'res'
Assertion failed on expression: 'res'
Assertion failed on expression: 'res'
Assertion failed on expression: 'res'
Assertion failed on expression: 'res'
Assertion failed on expression: 'res'
Assertion failed on expression: 'res'
Assertion failed on expression: 'res'
Assertion failed on expression: 'res'
Assertion failed on expression: 'res'
Assertion failed on expression: 'res'
Assertion failed on expression: 'res'
Assertion failed on expression: 'res'
Assertion failed on expression: 'res'
Assertion failed on expression: 'res'
Assertion failed on expression: 'res'
Assertion failed on expression: 'res'
Assertion failed on expression: 'res'
Assertion failed on expression: 'res'
Assertion failed on expression: 'res'
Assertion failed on expression: 'res'
Assertion failed on expression: 'res'
Assertion failed on expression: 'res'
Assertion failed on expression: 'res'
Assertion failed on expression: 'res'
Assertion failed on expression: 'res'
Assertion failed on expression: 'res'
Assertion failed on expression: 'res'
Assertion failed on expression: 'res'
Assertion failed on expression: 'res'
Assertion failed on expression: 'res'
Assertion failed on expression: 'res'
Assertion failed on expression: 'res'
Assertion failed on expression: 'res'
Assertion failed on expression: 'res'
Assertion failed on expression: 'res'
Assertion failed on expression: 'res'
Assertion failed on expression: 'res'
Assertion failed on expression: 'res'
Assertion failed on expression: 'res'
Assertion failed on expression: 'res'
Assertion failed on expression: 'res'
Assertion failed on expression: 'res'
Assertion failed on expression: 'res'
Assertion failed on expression: 'res'
Assertion failed on expression: 'res'
Assertion failed on expression: 'res'
Assertion failed on expression: 'res'
Assertion failed on expression: 'res'
Assertion failed on expression: 'res'
Assertion failed on expression: 'res'
Assertion failed on expression: 'res'
Assertion failed on expression: 'res'
Assertion failed on expression: 'res'
Assertion failed on expression: 'res'
Assertion failed on expression: 'res'
Assertion failed on expression: 'res'
Assertion failed on expression: 'res'
Assertion failed on expression: 'res'
Assertion failed on expression: 'res'
Assertion failed on expression: 'res'
Assertion failed on expression: 'res'
Assertion failed on expression: 'res'
Assertion failed on expression: 'res'
Assertion failed on expression: 'res'
Assertion failed on expression: 'res'
Assertion failed on expression: 'res'
Assertion failed on expression: 'res'
Assertion failed on expression: 'res'
Assertion failed on expression: 'res'
Assertion failed on expression: 'res'
Assertion failed on expression: 'res'
Assertion failed on expression: 'res'
Assertion failed on expression: 'res'
Assertion failed on expression: 'res'
Assertion failed on expression: 'res'
Assertion failed on expression: 'res'
Assertion failed on expression: 'res'
Assertion failed on expression: 'res'
Assertion failed on expression: 'res'
Assertion failed on expression: 'res'
Assertion failed on expression: 'res'
Assertion failed on expression: 'res'
Assertion failed on expression: 'res'
Assertion failed on expression: 'res'
Assertion failed on expression: 'res'
Assertion failed on expression: 'res'
Assertion failed on expression: 'res'
Assertion failed on expression: 'res'
Assertion failed on expression: 'res'
Assertion failed on expression: 'res'
Assertion failed on expression: 'res'
Assertion failed on expression: 'res'
Assertion failed on expression: 'res'
Assertion failed on expression: 'res'
Assertion failed on expression: 'res'
Assertion failed on expression: 'res'
Assertion failed on expression: 'res'
Assertion failed on expression: 'res'
Assertion failed on expression: 'res'
Assertion failed on expression: 'res'
Assertion failed on expression: 'res'
Assertion failed on expression: 'res'
Assertion failed on expression: 'res'
Assertion failed on expression: 'res'
Assertion failed on expression: 'res'
Assertion failed on expression: 'res'
Assertion failed on expression: 'res'
Assertion failed on expression: 'res'
Assertion failed on expression: 'res'
Assertion failed on expression: 'res'
Assertion failed on expression: 'res'
Assertion failed on expression: 'res'
Refreshing native plugins compatible for Editor in 0.72 ms, found 2 plugins.
Preloading 0 native plugins for Editor in 0.00 ms.
Unloading 2360 Unused Serialized files (Serialized files now loaded: 0)
Unloading 18 unused Assets / (332.2 KB). Loaded Objects now: 2833.
Memory consumption went from 112.6 MB to 112.3 MB.
Total: 3.673958 ms (FindLiveObjects: 0.099792 ms CreateObjectMapping: 0.040584 ms MarkObjects: 3.417416 ms  DeleteObjects: 0.115375 ms)

Assertion failed on expression: 'res'
Assertion failed on expression: 'res'
Assertion failed on expression: 'res'
Assertion failed on expression: 'res'
Assertion failed on expression: 'res'
Assertion failed on expression: 'res'
AssetImportParameters requested are different than current active one (requested -> active):
  custom:video-decoder-webm-vp8: 9c59270c3fd7afecdb556c50c9e8de78 -> 
  custom:SearchIndexIgnoredProperties: e643bd26f0fe6173181afceb89e7c659 -> 
  custom:container-demuxer-ogg: 62fdf1f143b41e24485cea50d1cbac27 -> 
  custom:AudioImporter_EditorPlatform: 3918e3fc78b5a79bad01e8451be0beb8 -> 
  custom:video-decoder-ogg-theora: a1e56fd34408186e4bbccfd4996cb3dc -> 
  custom:framework-osx-AVFoundation: e770b220cccbd017edd2c1fefb359320 -> 
  custom:video-encoder-webm-vp8: eb34c28f22e8b96e1ab97ce403110664 -> 
  custom:audio-decoder-ogg-vorbis: bf7c407c2cedff20999df2af8eb42d56 -> 
  custom:CustomObjectIndexerAttribute: 9a22284fe3817be447336de3de66b15e -> 
  custom:container-demuxer-webm: 4f35f7cbe854078d1ac9338744f61a02 -> 
  custom:audio-encoder-webm-vorbis: bf7c407c2cedff20999df2af8eb42d56 -> 
  custom:container-muxer-webm: aa71ff27fc2769a1b78a27578f13a17b -> 
Editor requested this worker to shutdown with reason: Scaling down because of idle timeout
TcpMessagingSession - receive error: operation aborted. errorcode: 89, details: Operation aborted.
AssetImportWorker is now disconnected from the server
Process exiting
